<?xml version="1.0" encoding="UTF-8"?>
<testsuite xmlns:xsi="http://www.w3.org/2001/XMLSchema-instance" xsi:noNamespaceSchemaLocation="https://maven.apache.org/surefire/maven-surefire-plugin/xsd/surefire-test-report-3.0.xsd" version="3.0" name="praktikum.tests.LoginTests" time="63.284" tests="4" errors="0" skipped="0" failures="0">
  <properties>
[...]
</properties>
  <testcase name="upperProfileButtonLoginTest" classname="praktikum.tests.LoginTests" time="26.167">
    <system-out><![CDATA[Полный ответ при логине: {"success":true,"accessToken":"Bearer eyJhbGciOiJIUzI1NiIsInR5cCI6IkpXVCJ9.eyJpZCI6IjY4YTMzODEyOWVkMjgwMDAxYjY4MDhmMyIsImlhdCI6MTc1NTUyNzE5MiwiZXhwIjoxNzU1NTI4MzkyfQ.hf49UchFuKRm1nTadbVcYkjhAqAXigd73HVOtHlRXLo","refreshToken":"04887541f4284f56807212798b57ba9780bdb1e09fc36d2c26333bed852770d40931877cb663c913","user":{"email":"alissa.bode@gmail.com","name":"Joni"}}
]]></system-out>
    <system-err><![CDATA[авг. 18, 2025 5:26:17 PM org.openqa.selenium.devtools.CdpVersionFinder findNearestMatch
WARNING: Unable to find CDP implementation matching 109
авг. 18, 2025 5:26:17 PM org.openqa.selenium.chromium.ChromiumDriver lambda$new$4
WARNING: Unable to find version of CDP to use for 109.0.5414.120. You may need to include a dependency on a specific version of the CDP using something similar to `org.seleniumhq.selenium:selenium-devtools-v86:4.33.0` where the version ("v86") matches the version of the chromium-based browser you're using and the version number of the artifact is the same as Selenium's.
]]></system-err>
  </testcase>
  <testcase name="lowerLoginButtonLoginTest" classname="praktikum.tests.LoginTests" time="12.556">
    <system-out><![CDATA[Полный ответ при логине: {"success":true,"accessToken":"Bearer eyJhbGciOiJIUzI1NiIsInR5cCI6IkpXVCJ9.eyJpZCI6IjY4YTMzODI0OWVkMjgwMDAxYjY4MDhmNyIsImlhdCI6MTc1NTUyNzIxMCwiZXhwIjoxNzU1NTI4NDEwfQ.PbPsQHezDnufDzzN0vUigkroOpPWwHD55ujapuyY2Os","refreshToken":"1962939b940ee3f7abb9e3e0a3e58972ec3a6d061622c7dd015bb58579b79cd6faf29a6194801bf6","user":{"email":"cecila.effertz@gmail.com","name":"Nicki"}}
]]></system-out>
    <system-err><![CDATA[авг. 18, 2025 5:26:42 PM org.openqa.selenium.devtools.CdpVersionFinder findNearestMatch
WARNING: Unable to find CDP implementation matching 109
авг. 18, 2025 5:26:42 PM org.openqa.selenium.chromium.ChromiumDriver lambda$new$4
WARNING: Unable to find version of CDP to use for 109.0.5414.120. You may need to include a dependency on a specific version of the CDP using something similar to `org.seleniumhq.selenium:selenium-devtools-v86:4.33.0` where the version ("v86") matches the version of the chromium-based browser you're using and the version number of the artifact is the same as Selenium's.
]]></system-err>
  </testcase>
  <testcase name="forgotPasswordButtonLoginTest" classname="praktikum.tests.LoginTests" time="11.086">
    <system-out><![CDATA[Полный ответ при логине: {"success":true,"accessToken":"Bearer eyJhbGciOiJIUzI1NiIsInR5cCI6IkpXVCJ9.eyJpZCI6IjY4YTMzODJlOWVkMjgwMDAxYjY4MDhmYiIsImlhdCI6MTc1NTUyNzIyMSwiZXhwIjoxNzU1NTI4NDIxfQ.Rz3OzVrP-3BH8wPE4wXA_HeokpTJVB-rsdxXhoBIqSM","refreshToken":"d475c2d2a28c243e16f135efff4e5f7356a79715dd22e564198bc027c85b4fd3ef97531b6021de5d","user":{"email":"ok.jacobi@gmail.com","name":"Larita"}}
]]></system-out>
    <system-err><![CDATA[авг. 18, 2025 5:26:53 PM org.openqa.selenium.devtools.CdpVersionFinder findNearestMatch
WARNING: Unable to find CDP implementation matching 109
авг. 18, 2025 5:26:53 PM org.openqa.selenium.chromium.ChromiumDriver lambda$new$4
WARNING: Unable to find version of CDP to use for 109.0.5414.120. You may need to include a dependency on a specific version of the CDP using something similar to `org.seleniumhq.selenium:selenium-devtools-v86:4.33.0` where the version ("v86") matches the version of the chromium-based browser you're using and the version number of the artifact is the same as Selenium's.
]]></system-err>
  </testcase>
  <testcase name="signUpFormLoginTest" classname="praktikum.tests.LoginTests" time="13.324">
    <system-out><![CDATA[Полный ответ при логине: {"success":true,"accessToken":"Bearer eyJhbGciOiJIUzI1NiIsInR5cCI6IkpXVCJ9.eyJpZCI6IjY4YTMzODNhOWVkMjgwMDAxYjY4MDhmZiIsImlhdCI6MTc1NTUyNzIzNCwiZXhwIjoxNzU1NTI4NDM0fQ.ETGM7Mw_LzVB_DS6RD9wBUUmSVzUodMrETUrHj0hDlo","refreshToken":"c81cde340f84075ff12e1198e38bb23353214eabbaf9061812c33dfa209a514e77f218ad85197f24","user":{"email":"christian.roberts@hotmail.com","name":"Kallie"}}
]]></system-out>
    <system-err><![CDATA[авг. 18, 2025 5:27:05 PM org.openqa.selenium.devtools.CdpVersionFinder findNearestMatch
WARNING: Unable to find CDP implementation matching 109
авг. 18, 2025 5:27:05 PM org.openqa.selenium.chromium.ChromiumDriver lambda$new$4
WARNING: Unable to find version of CDP to use for 109.0.5414.120. You may need to include a dependency on a specific version of the CDP using something similar to `org.seleniumhq.selenium:selenium-devtools-v86:4.33.0` where the version ("v86") matches the version of the chromium-based browser you're using and the version number of the artifact is the same as Selenium's.
]]></system-err>
  </testcase>
</testsuite>